<?xml version="1.0" encoding="UTF-8"?>
<!-- Generated by org.testng.reporters.JUnitReportReporter -->
<testsuite hostname="DESKTOP-KQP1K4Q" failures="0" tests="7" name="Selenium.NewTest" time="8.037" errors="0" timestamp="2021-06-29T17:12:12 IST" skipped="0">
  <testcase classname="Selenium.NewTest" name="f" time="1.770"/>
  <system-out/>
  <testcase classname="Selenium.NewTest" name="login" time="0.825"/>
  <system-out/>
  <testcase classname="Selenium.NewTest" name="openExpensesTab" time="2.517"/>
  <system-out/>
  <testcase classname="Selenium.NewTest" name="NewButton" time="0.835"/>
  <system-out/>
  <testcase classname="Selenium.NewTest" name="SearchButton" time="0.969"/>
  <system-out/>
  <testcase classname="Selenium.NewTest" name="DeleteButton" time="0.246"/>
  <system-out/>
  <testcase classname="Selenium.NewTest" name="signOut" time="0.875"/>
  <system-out/>
</testsuite> <!-- Selenium.NewTest -->
