<?xml version="1.0" encoding="UTF-8"?>
<!-- Generated by org.testng.reporters.JUnitReportReporter -->
<testsuite hostname="DESKTOP-KQP1K4Q" failures="0" tests="7" name="Selenium.NewTest" time="9.940" errors="0" timestamp="30 Jun 2021 12:34:08 GMT" skipped="0">
  <testcase classname="Selenium.NewTest" name="f" time="1.691"/>
  <testcase classname="Selenium.NewTest" name="login" time="0.879"/>
  <testcase classname="Selenium.NewTest" name="openExpensesTab" time="4.742"/>
  <testcase classname="Selenium.NewTest" name="NewButton" time="0.889"/>
  <testcase classname="Selenium.NewTest" name="SearchButton" time="0.979"/>
  <testcase classname="Selenium.NewTest" name="DeleteButton" time="0.240"/>
  <testcase classname="Selenium.NewTest" name="signOut" time="0.520"/>
</testsuite> <!-- Selenium.NewTest -->
